find_library: checking for Flix2_Version() in -lflixengine2... -------------------- yes

"gcc -o conftest -I. -I/usr/local/lib/ruby/1.8/i686-linux -I. -I/usr/local/include  -g -O2 conftest.c  -L'.' -L'/usr/local/lib' -Wl,-R'/usr/local/lib' -L'/usr/local/lib' -Wl,-R'/usr/local/lib' -L.  -rdynamic -Wl,-export-dynamic     -lruby-static -lflixengine2  -ldl -lcrypt -lm   -lc"
conftest.c: In function `t':
conftest.c:3: `Flix2_Version' undeclared (first use in this function)
conftest.c:3: (Each undeclared identifier is reported only once
conftest.c:3: for each function it appears in.)
checked program was:
/* begin */
1: /*top*/
2: int main() { return 0; }
3: int t() { void ((*volatile p)()); p = (void ((*)()))Flix2_Version; return 0; }
/* end */

"gcc -o conftest -I. -I/usr/local/lib/ruby/1.8/i686-linux -I. -I/usr/local/include  -g -O2 conftest.c  -L'.' -L'/usr/local/lib' -Wl,-R'/usr/local/lib' -L'/usr/local/lib' -Wl,-R'/usr/local/lib' -L.  -rdynamic -Wl,-export-dynamic     -lruby-static -lflixengine2  -ldl -lcrypt -lm   -lc"
checked program was:
/* begin */
1: /*top*/
2: int main() { return 0; }
3: int t() { Flix2_Version(); return 0; }
/* end */

--------------------

